<?xml version="1.0" encoding="UTF-8"?><testsuite errors="1" failures="0" name="Consulta Saldo EdPyme Web" skipped="0" tests="1" time="65.48" timestamp="2018-03-04T12:25:01.091-05:00[America/Bogota]"><testcase name="Diligencio exitoso de Login"><error message="The following error occurred: Timed out after 10 seconds. Element not found&#10;For documentation on this error, please visit: http://seleniumhq.org/exceptions/no_such_element.html&#10;Build info: version: '3.5.2', revision: '10229a9', time: '2017-08-21T17:29:55.15Z'&#10;System info: host: 'DIANAO', ip: '192.168.1.55', os.name: 'Windows 10', os.arch: 'amd64', os.version: '10.0', java.version: '1.8.0_151'&#10;Driver info: driver.version: unknown&#10;For documentation on this error, please visit: http://seleniumhq.org/exceptions/no_such_element.html&#10;Build info: version: '3.5.2', revision: '10229a9', time: '2017-08-21T17:29:55.15Z'&#10;System info: host: 'DIANAO', ip: '192.168.1.55', os.name: 'Windows 10', os.arch: 'amd64', os.version: '10.0', java.version: '1.8.0_151'&#10;Driver info: driver.version: unknown" type="org.openqa.selenium.NoSuchElementException">The following error occurred: Timed out after 10 seconds. Element not found
For documentation on this error, please visit: http://seleniumhq.org/exceptions/no_such_element.html
Build info: version: '3.5.2', revision: '10229a9', time: '2017-08-21T17:29:55.15Z'
System info: host: 'DIANAO', ip: '192.168.1.55', os.name: 'Windows 10', os.arch: 'amd64', os.version: '10.0', java.version: '1.8.0_151'
Driver info: driver.version: unknown
For documentation on this error, please visit: http://seleniumhq.org/exceptions/no_such_element.html
Build info: version: '3.5.2', revision: '10229a9', time: '2017-08-21T17:29:55.15Z'
System info: host: 'DIANAO', ip: '192.168.1.55', os.name: 'Windows 10', os.arch: 'amd64', os.version: '10.0', java.version: '1.8.0_151'
Driver info: driver.version: unknown</error><system-err>The following error occurred: Timed out after 10 seconds. Element not found
For documentation on this error, please visit: http://seleniumhq.org/exceptions/no_such_element.html
Build info: version: '3.5.2', revision: '10229a9', time: '2017-08-21T17:29:55.15Z'
System info: host: 'DIANAO', ip: '192.168.1.55', os.name: 'Windows 10', os.arch: 'amd64', os.version: '10.0', java.version: '1.8.0_151'
Driver info: driver.version: unknown
For documentation on this error, please visit: http://seleniumhq.org/exceptions/no_such_element.html
Build info: version: '3.5.2', revision: '10229a9', time: '2017-08-21T17:29:55.15Z'
System info: host: 'DIANAO', ip: '192.168.1.55', os.name: 'Windows 10', os.arch: 'amd64', os.version: '10.0', java.version: '1.8.0_151'
Driver info: driver.version: unknown&#13;
com.choucair.formacion.pageobjects.SecurityValidationPage.ingresarCodigoSecuridad(SecurityValidationPage.java:20)&#13;
com.choucair.formacion.steps.ConsultasValidationSteps.security_edpyme(ConsultasValidationSteps.java:36)&#13;
com.choucair.formacion.definition.ConsultasValidationDefinition.ingreso_a_la_funcionalidad_de_validacion_de_codigo_de_seguridad(ConsultasValidationDefinition.java:27)&#13;
org.eclipse.jdt.internal.junit4.runner.JUnit4TestReference.run(JUnit4TestReference.java:86)&#13;
org.eclipse.jdt.internal.junit.runner.TestExecution.run(TestExecution.java:38)&#13;
org.eclipse.jdt.internal.junit.runner.RemoteTestRunner.runTests(RemoteTestRunner.java:538)&#13;
org.eclipse.jdt.internal.junit.runner.RemoteTestRunner.runTests(RemoteTestRunner.java:760)&#13;
org.eclipse.jdt.internal.junit.runner.RemoteTestRunner.run(RemoteTestRunner.java:460)&#13;
org.eclipse.jdt.internal.junit.runner.RemoteTestRunner.main(RemoteTestRunner.java:206)&#13;
</system-err></testcase></testsuite>